 INFO 2022-08-02 19:56:06,967 com.uce.edu.demo.ProyectoU3WcApplication (ProyectoU3WcApplication.java:run:32) - JOIN
 INFO 2022-08-02 19:56:07,238 com.uce.edu.demo.ProyectoU3WcApplication (ProyectoU3WcApplication.java:run:41) - LEFT JOIN
 INFO 2022-08-02 19:56:07,243 com.uce.edu.demo.ProyectoU3WcApplication (ProyectoU3WcApplication.java:run:50) - RIGHT JOIN
 INFO 2022-08-02 19:58:19,321 com.uce.edu.demo.ProyectoU3WcApplication (ProyectoU3WcApplication.java:run:32) - JOIN
 INFO 2022-08-02 19:58:19,537 com.uce.edu.demo.ProyectoU3WcApplication (ProyectoU3WcApplication.java:run:41) - LEFT JOIN
 INFO 2022-08-02 19:58:19,542 com.uce.edu.demo.ProyectoU3WcApplication (ProyectoU3WcApplication.java:run:50) - RIGHT JOIN
 INFO 2022-08-02 20:00:09,842 com.uce.edu.demo.ProyectoU3WcApplication (ProyectoU3WcApplication.java:run:32) - JOIN
 INFO 2022-08-02 20:00:10,068 com.uce.edu.demo.ProyectoU3WcApplication (ProyectoU3WcApplication.java:run:40) - JOIN
 INFO 2022-08-02 20:00:10,091 com.uce.edu.demo.ProyectoU3WcApplication (ProyectoU3WcApplication.java:run:44) - Hotel: Domundi Av. 6 de Diciembre
 INFO 2022-08-02 20:00:10,091 com.uce.edu.demo.ProyectoU3WcApplication (ProyectoU3WcApplication.java:run:49) - LEFT JOIN
 INFO 2022-08-02 20:00:10,096 com.uce.edu.demo.ProyectoU3WcApplication (ProyectoU3WcApplication.java:run:58) - LEFT JOIN
 INFO 2022-08-02 20:00:10,102 com.uce.edu.demo.ProyectoU3WcApplication (ProyectoU3WcApplication.java:run:62) - Hotel: Domundi Av. 6 de Diciembre
 INFO 2022-08-02 20:00:10,102 com.uce.edu.demo.ProyectoU3WcApplication (ProyectoU3WcApplication.java:run:67) - RIGHT JOIN
 INFO 2022-08-02 20:02:10,703 com.uce.edu.demo.ProyectoU3WcApplication (ProyectoU3WcApplication.java:run:32) - JOIN
 INFO 2022-08-02 20:02:10,905 com.uce.edu.demo.ProyectoU3WcApplication (ProyectoU3WcApplication.java:run:40) - JOIN
 INFO 2022-08-02 20:02:10,922 com.uce.edu.demo.ProyectoU3WcApplication (ProyectoU3WcApplication.java:run:44) - Hotel: Domundi, direccion: Av. 6 de Diciembre
 INFO 2022-08-02 20:02:10,922 com.uce.edu.demo.ProyectoU3WcApplication (ProyectoU3WcApplication.java:run:49) - LEFT JOIN
 INFO 2022-08-02 20:02:10,925 com.uce.edu.demo.ProyectoU3WcApplication (ProyectoU3WcApplication.java:run:58) - LEFT JOIN
 INFO 2022-08-02 20:02:10,927 com.uce.edu.demo.ProyectoU3WcApplication (ProyectoU3WcApplication.java:run:62) - Hotel: Domundi, direccion: Av. 6 de Diciembre
 INFO 2022-08-02 20:02:10,927 com.uce.edu.demo.ProyectoU3WcApplication (ProyectoU3WcApplication.java:run:67) - RIGHT JOIN
 INFO 2022-08-05 17:19:16,379 com.uce.edu.demo.ProyectoU3WcApplication (ProyectoU3WcApplication.java:run:32) - JOIN
 INFO 2022-08-05 17:19:16,577 com.uce.edu.demo.ProyectoU3WcApplication (ProyectoU3WcApplication.java:run:40) - JOIN
 INFO 2022-08-05 17:19:16,591 com.uce.edu.demo.ProyectoU3WcApplication (ProyectoU3WcApplication.java:run:44) - Hotel: Domundi, direccion: Av. 6 de Diciembre
 INFO 2022-08-05 17:19:16,591 com.uce.edu.demo.ProyectoU3WcApplication (ProyectoU3WcApplication.java:run:49) - LEFT JOIN
 INFO 2022-08-05 17:19:16,594 com.uce.edu.demo.ProyectoU3WcApplication (ProyectoU3WcApplication.java:run:58) - LEFT JOIN
 INFO 2022-08-05 17:19:16,596 com.uce.edu.demo.ProyectoU3WcApplication (ProyectoU3WcApplication.java:run:62) - Hotel: Domundi, direccion: Av. 6 de Diciembre
 INFO 2022-08-05 17:19:16,597 com.uce.edu.demo.ProyectoU3WcApplication (ProyectoU3WcApplication.java:run:67) - RIGHT JOIN
 INFO 2022-08-05 17:58:57,170 com.uce.edu.demo.ProyectoU3WcApplication (ProyectoU3WcApplication.java:run:32) - INNER JOIN
 INFO 2022-08-05 17:58:57,363 com.uce.edu.demo.ProyectoU3WcApplication (ProyectoU3WcApplication.java:run:40) - JOIN
 INFO 2022-08-05 17:58:57,396 com.uce.edu.demo.ProyectoU3WcApplication (ProyectoU3WcApplication.java:run:44) - Hotel: Domundi, direccion: Av. 6 de Diciembre
 INFO 2022-08-05 17:58:57,396 com.uce.edu.demo.ProyectoU3WcApplication (ProyectoU3WcApplication.java:run:44) - Hotel: Domundi, direccion: Av. 6 de Diciembre
 INFO 2022-08-05 17:58:57,396 com.uce.edu.demo.ProyectoU3WcApplication (ProyectoU3WcApplication.java:run:44) - Hotel: Hilton Colon, direccion: Av. Colon
 INFO 2022-08-05 17:58:57,396 com.uce.edu.demo.ProyectoU3WcApplication (ProyectoU3WcApplication.java:run:49) - LEFT JOIN
 INFO 2022-08-05 17:58:57,400 com.uce.edu.demo.ProyectoU3WcApplication (ProyectoU3WcApplication.java:run:58) - LEFT JOIN
 INFO 2022-08-05 17:58:57,403 com.uce.edu.demo.ProyectoU3WcApplication (ProyectoU3WcApplication.java:run:62) - Hotel: Domundi, direccion: Av. 6 de Diciembre
 INFO 2022-08-05 17:58:57,403 com.uce.edu.demo.ProyectoU3WcApplication (ProyectoU3WcApplication.java:run:62) - Hotel: Domundi, direccion: Av. 6 de Diciembre
 INFO 2022-08-05 17:58:57,403 com.uce.edu.demo.ProyectoU3WcApplication (ProyectoU3WcApplication.java:run:62) - Hotel: Hilton Colon, direccion: Av. Colon
 INFO 2022-08-05 17:58:57,403 com.uce.edu.demo.ProyectoU3WcApplication (ProyectoU3WcApplication.java:run:62) - Hotel: Trono, direccion: Av. 10 de Agosto
 INFO 2022-08-05 17:58:57,403 com.uce.edu.demo.ProyectoU3WcApplication (ProyectoU3WcApplication.java:run:67) - RIGHT JOIN
 INFO 2022-08-05 19:11:46,994 com.uce.edu.demo.ProyectoU3WcApplication (ProyectoU3WcApplication.java:run:78) - RIGHT JOIN
 INFO 2022-08-05 19:11:47,201 com.uce.edu.demo.ProyectoU3WcApplication (ProyectoU3WcApplication.java:run:82) - Hotel: Domundi, direccion: Av. 6 de Diciembre
 INFO 2022-08-05 19:11:47,202 com.uce.edu.demo.ProyectoU3WcApplication (ProyectoU3WcApplication.java:run:82) - Hotel: Hilton Colon, direccion: Av. Colon
 INFO 2022-08-05 19:12:17,182 com.uce.edu.demo.ProyectoU3WcApplication (ProyectoU3WcApplication.java:run:78) - JOIN WHERE
 INFO 2022-08-05 19:12:17,422 com.uce.edu.demo.ProyectoU3WcApplication (ProyectoU3WcApplication.java:run:82) - Hotel: Domundi, direccion: Av. 6 de Diciembre
 INFO 2022-08-05 19:12:17,422 com.uce.edu.demo.ProyectoU3WcApplication (ProyectoU3WcApplication.java:run:82) - Hotel: Hilton Colon, direccion: Av. Colon
 INFO 2022-08-05 19:19:41,501 com.uce.edu.demo.ProyectoU3WcApplication (ProyectoU3WcApplication.java:run:78) - JOIN WHERE
 INFO 2022-08-05 19:19:41,709 com.uce.edu.demo.ProyectoU3WcApplication (ProyectoU3WcApplication.java:run:82) - Hotel: Domundi, direccion: Av. 6 de Diciembre
 INFO 2022-08-05 19:19:41,709 com.uce.edu.demo.ProyectoU3WcApplication (ProyectoU3WcApplication.java:run:82) - Hotel: Hilton Colon, direccion: Av. Colon
 INFO 2022-08-05 19:19:41,709 com.uce.edu.demo.ProyectoU3WcApplication (ProyectoU3WcApplication.java:run:86) - 
INNER JOIN EAGER/LAZY
 INFO 2022-08-05 19:21:41,759 com.uce.edu.demo.ProyectoU3WcApplication (ProyectoU3WcApplication.java:run:78) - JOIN WHERE
 INFO 2022-08-05 19:21:41,982 com.uce.edu.demo.ProyectoU3WcApplication (ProyectoU3WcApplication.java:run:82) - Hotel: Domundi, direccion: Av. 6 de Diciembre
 INFO 2022-08-05 19:21:41,982 com.uce.edu.demo.ProyectoU3WcApplication (ProyectoU3WcApplication.java:run:82) - Hotel: Hilton Colon, direccion: Av. Colon
 INFO 2022-08-05 19:21:41,982 com.uce.edu.demo.ProyectoU3WcApplication (ProyectoU3WcApplication.java:run:86) - 
INNER JOIN EAGER/LAZY
 INFO 2022-08-05 19:21:55,733 com.uce.edu.demo.ProyectoU3WcApplication (ProyectoU3WcApplication.java:run:78) - JOIN WHERE
 INFO 2022-08-05 19:21:55,981 com.uce.edu.demo.ProyectoU3WcApplication (ProyectoU3WcApplication.java:run:82) - Hotel: Domundi, direccion: Av. 6 de Diciembre
 INFO 2022-08-05 19:21:55,981 com.uce.edu.demo.ProyectoU3WcApplication (ProyectoU3WcApplication.java:run:82) - Hotel: Hilton Colon, direccion: Av. Colon
 INFO 2022-08-05 19:21:55,981 com.uce.edu.demo.ProyectoU3WcApplication (ProyectoU3WcApplication.java:run:86) - 
INNER JOIN EAGER/LAZY
 INFO 2022-08-05 19:22:59,884 com.uce.edu.demo.ProyectoU3WcApplication (ProyectoU3WcApplication.java:run:78) - JOIN WHERE
 INFO 2022-08-05 19:23:00,124 com.uce.edu.demo.ProyectoU3WcApplication (ProyectoU3WcApplication.java:run:82) - Hotel: Domundi, direccion: Av. 6 de Diciembre
 INFO 2022-08-05 19:23:00,124 com.uce.edu.demo.ProyectoU3WcApplication (ProyectoU3WcApplication.java:run:82) - Hotel: Hilton Colon, direccion: Av. Colon
 INFO 2022-08-05 19:23:00,124 com.uce.edu.demo.ProyectoU3WcApplication (ProyectoU3WcApplication.java:run:86) - 
INNER JOIN EAGER/LAZY
 INFO 2022-08-05 19:23:00,133 com.uce.edu.demo.ProyectoU3WcApplication (ProyectoU3WcApplication.java:run:90) - Hotel2: Domundi, direccion: Av. 6 de Diciembre
 INFO 2022-08-05 19:27:28,198 com.uce.edu.demo.ProyectoU3WcApplication (ProyectoU3WcApplication.java:run:78) - JOIN WHERE
 INFO 2022-08-05 19:27:28,432 com.uce.edu.demo.ProyectoU3WcApplication (ProyectoU3WcApplication.java:run:82) - Hotel: Domundi, direccion: Av. 6 de Diciembre
 INFO 2022-08-05 19:27:28,432 com.uce.edu.demo.ProyectoU3WcApplication (ProyectoU3WcApplication.java:run:82) - Hotel: Hilton Colon, direccion: Av. Colon
 INFO 2022-08-05 19:27:28,432 com.uce.edu.demo.ProyectoU3WcApplication (ProyectoU3WcApplication.java:run:86) - 
INNER JOIN EAGER/LAZY
 INFO 2022-08-05 19:27:28,438 com.uce.edu.demo.ProyectoU3WcApplication (ProyectoU3WcApplication.java:run:90) - Hotel2: Domundi, direccion: Av. 6 de Diciembre
 INFO 2022-08-05 19:27:28,439 com.uce.edu.demo.ProyectoU3WcApplication (ProyectoU3WcApplication.java:run:91) - Hotel2 Habitacines: [com.uce.edu.demo.repository.modelo.Habitacion@25b95848, com.uce.edu.demo.repository.modelo.Habitacion@85e0cb]
 INFO 2022-08-05 19:27:28,439 com.uce.edu.demo.ProyectoU3WcApplication (ProyectoU3WcApplication.java:run:90) - Hotel2: Hilton Colon, direccion: Av. Colon
 INFO 2022-08-05 19:27:28,439 com.uce.edu.demo.ProyectoU3WcApplication (ProyectoU3WcApplication.java:run:91) - Hotel2 Habitacines: [com.uce.edu.demo.repository.modelo.Habitacion@28f1ad11]
 INFO 2022-08-05 19:28:21,817 com.uce.edu.demo.ProyectoU3WcApplication (ProyectoU3WcApplication.java:run:78) - JOIN WHERE
 INFO 2022-08-05 19:28:22,067 com.uce.edu.demo.ProyectoU3WcApplication (ProyectoU3WcApplication.java:run:82) - Hotel: Domundi, direccion: Av. 6 de Diciembre
 INFO 2022-08-05 19:28:22,068 com.uce.edu.demo.ProyectoU3WcApplication (ProyectoU3WcApplication.java:run:82) - Hotel: Hilton Colon, direccion: Av. Colon
 INFO 2022-08-05 19:28:22,068 com.uce.edu.demo.ProyectoU3WcApplication (ProyectoU3WcApplication.java:run:86) - 
INNER JOIN EAGER/LAZY
 INFO 2022-08-05 19:28:22,079 com.uce.edu.demo.ProyectoU3WcApplication (ProyectoU3WcApplication.java:run:90) - Hotel2: Domundi, direccion: Av. 6 de Diciembre
 INFO 2022-08-05 19:28:22,080 com.uce.edu.demo.ProyectoU3WcApplication (ProyectoU3WcApplication.java:run:91) - Hotel2 Habitacines: [Habitacion [id=1, numero=A36, piso=9, tipo=Individual, hotel=com.uce.edu.demo.repository.modelo.Hotel@1e7d7970], Habitacion [id=2, numero=WE2, piso=3, tipo=familiar, hotel=com.uce.edu.demo.repository.modelo.Hotel@1e7d7970]]
 INFO 2022-08-05 19:28:22,080 com.uce.edu.demo.ProyectoU3WcApplication (ProyectoU3WcApplication.java:run:90) - Hotel2: Hilton Colon, direccion: Av. Colon
 INFO 2022-08-05 19:28:22,080 com.uce.edu.demo.ProyectoU3WcApplication (ProyectoU3WcApplication.java:run:91) - Hotel2 Habitacines: [Habitacion [id=3, numero=23dc, piso=10, tipo=familiar, hotel=com.uce.edu.demo.repository.modelo.Hotel@48cca6ea]]
 INFO 2022-08-05 19:29:15,524 com.uce.edu.demo.ProyectoU3WcApplication (ProyectoU3WcApplication.java:run:78) - JOIN WHERE
 INFO 2022-08-05 19:29:15,771 com.uce.edu.demo.ProyectoU3WcApplication (ProyectoU3WcApplication.java:run:82) - Hotel: Domundi, direccion: Av. 6 de Diciembre
 INFO 2022-08-05 19:29:15,771 com.uce.edu.demo.ProyectoU3WcApplication (ProyectoU3WcApplication.java:run:82) - Hotel: Hilton Colon, direccion: Av. Colon
 INFO 2022-08-05 19:29:15,771 com.uce.edu.demo.ProyectoU3WcApplication (ProyectoU3WcApplication.java:run:86) - 
INNER JOIN EAGER/LAZY
 INFO 2022-08-05 19:29:15,781 com.uce.edu.demo.ProyectoU3WcApplication (ProyectoU3WcApplication.java:run:90) - Hotel2: Domundi, direccion: Av. 6 de Diciembre
 INFO 2022-08-05 19:29:44,059 com.uce.edu.demo.ProyectoU3WcApplication (ProyectoU3WcApplication.java:run:78) - JOIN WHERE
 INFO 2022-08-05 19:29:44,286 com.uce.edu.demo.ProyectoU3WcApplication (ProyectoU3WcApplication.java:run:82) - Hotel: Domundi, direccion: Av. 6 de Diciembre
 INFO 2022-08-05 19:29:44,286 com.uce.edu.demo.ProyectoU3WcApplication (ProyectoU3WcApplication.java:run:82) - Hotel: Hilton Colon, direccion: Av. Colon
 INFO 2022-08-05 19:29:44,286 com.uce.edu.demo.ProyectoU3WcApplication (ProyectoU3WcApplication.java:run:86) - 
INNER JOIN EAGER/LAZY
 INFO 2022-08-05 19:29:44,293 com.uce.edu.demo.ProyectoU3WcApplication (ProyectoU3WcApplication.java:run:90) - Hotel2: Domundi, direccion: Av. 6 de Diciembre
 INFO 2022-08-05 19:29:44,293 com.uce.edu.demo.ProyectoU3WcApplication (ProyectoU3WcApplication.java:run:91) - Hotel2 Habitacines: [Habitacion [id=1, numero=A36, piso=9, tipo=Individual, hotel=Hotel [id=1, nombre=Domundi, direccion=Av. 6 de Diciembre]], Habitacion [id=2, numero=WE2, piso=3, tipo=familiar, hotel=Hotel [id=1, nombre=Domundi, direccion=Av. 6 de Diciembre]]]
 INFO 2022-08-05 19:29:44,293 com.uce.edu.demo.ProyectoU3WcApplication (ProyectoU3WcApplication.java:run:90) - Hotel2: Hilton Colon, direccion: Av. Colon
 INFO 2022-08-05 19:29:44,293 com.uce.edu.demo.ProyectoU3WcApplication (ProyectoU3WcApplication.java:run:91) - Hotel2 Habitacines: [Habitacion [id=3, numero=23dc, piso=10, tipo=familiar, hotel=Hotel [id=2, nombre=Hilton Colon, direccion=Av. Colon]]]
 INFO 2022-08-05 19:32:14,920 com.uce.edu.demo.ProyectoU3WcApplication (ProyectoU3WcApplication.java:run:78) - JOIN WHERE
 INFO 2022-08-05 19:32:15,173 com.uce.edu.demo.ProyectoU3WcApplication (ProyectoU3WcApplication.java:run:82) - Hotel: Domundi, direccion: Av. 6 de Diciembre
 INFO 2022-08-05 19:32:15,174 com.uce.edu.demo.ProyectoU3WcApplication (ProyectoU3WcApplication.java:run:82) - Hotel: Hilton Colon, direccion: Av. Colon
 INFO 2022-08-05 19:32:15,174 com.uce.edu.demo.ProyectoU3WcApplication (ProyectoU3WcApplication.java:run:86) - 
INNER JOIN EAGER/LAZY
 INFO 2022-08-05 19:32:15,184 com.uce.edu.demo.ProyectoU3WcApplication (ProyectoU3WcApplication.java:run:90) - Hotel2: Domundi, direccion: Av. 6 de Diciembre
 INFO 2022-08-05 19:32:15,184 com.uce.edu.demo.ProyectoU3WcApplication (ProyectoU3WcApplication.java:run:91) - Hotel2 Habitacines: [Habitacion [id=1, numero=A36, piso=9, tipo=Individual, hotel=Hotel [id=1, nombre=Domundi, direccion=Av. 6 de Diciembre]], Habitacion [id=2, numero=WE2, piso=3, tipo=familiar, hotel=Hotel [id=1, nombre=Domundi, direccion=Av. 6 de Diciembre]]]
 INFO 2022-08-05 19:32:15,184 com.uce.edu.demo.ProyectoU3WcApplication (ProyectoU3WcApplication.java:run:90) - Hotel2: Hilton Colon, direccion: Av. Colon
 INFO 2022-08-05 19:32:15,185 com.uce.edu.demo.ProyectoU3WcApplication (ProyectoU3WcApplication.java:run:91) - Hotel2 Habitacines: [Habitacion [id=3, numero=23dc, piso=10, tipo=familiar, hotel=Hotel [id=2, nombre=Hilton Colon, direccion=Av. Colon]]]
 INFO 2022-08-05 19:32:53,621 com.uce.edu.demo.ProyectoU3WcApplication (ProyectoU3WcApplication.java:run:78) - JOIN WHERE
 INFO 2022-08-05 19:32:53,856 com.uce.edu.demo.ProyectoU3WcApplication (ProyectoU3WcApplication.java:run:82) - Hotel: Domundi, direccion: Av. 6 de Diciembre
 INFO 2022-08-05 19:32:53,856 com.uce.edu.demo.ProyectoU3WcApplication (ProyectoU3WcApplication.java:run:82) - Hotel: Hilton Colon, direccion: Av. Colon
 INFO 2022-08-05 19:32:53,856 com.uce.edu.demo.ProyectoU3WcApplication (ProyectoU3WcApplication.java:run:86) - 
INNER JOIN EAGER/LAZY
 INFO 2022-08-05 19:32:53,863 com.uce.edu.demo.ProyectoU3WcApplication (ProyectoU3WcApplication.java:run:90) - Hotel2: Domundi, direccion: Av. 6 de Diciembre
 INFO 2022-08-05 19:32:53,863 com.uce.edu.demo.ProyectoU3WcApplication (ProyectoU3WcApplication.java:run:91) - Hotel2 Habitacines: [Habitacion [id=1, numero=A36, piso=9, tipo=Individual, hotel=Hotel [id=1, nombre=Domundi, direccion=Av. 6 de Diciembre]], Habitacion [id=2, numero=WE2, piso=3, tipo=familiar, hotel=Hotel [id=1, nombre=Domundi, direccion=Av. 6 de Diciembre]]]
 INFO 2022-08-05 19:32:53,863 com.uce.edu.demo.ProyectoU3WcApplication (ProyectoU3WcApplication.java:run:90) - Hotel2: Hilton Colon, direccion: Av. Colon
 INFO 2022-08-05 19:32:53,863 com.uce.edu.demo.ProyectoU3WcApplication (ProyectoU3WcApplication.java:run:91) - Hotel2 Habitacines: [Habitacion [id=3, numero=23dc, piso=10, tipo=familiar, hotel=Hotel [id=2, nombre=Hilton Colon, direccion=Av. Colon]]]
 INFO 2022-08-05 19:34:28,238 com.uce.edu.demo.ProyectoU3WcApplication (ProyectoU3WcApplication.java:run:78) - 
JOIN WHERE
 INFO 2022-08-05 19:34:28,483 com.uce.edu.demo.ProyectoU3WcApplication (ProyectoU3WcApplication.java:run:82) - Hotel: Domundi, direccion: Av. 6 de Diciembre
 INFO 2022-08-05 19:34:28,484 com.uce.edu.demo.ProyectoU3WcApplication (ProyectoU3WcApplication.java:run:82) - Hotel: Hilton Colon, direccion: Av. Colon
 INFO 2022-08-05 19:34:28,484 com.uce.edu.demo.ProyectoU3WcApplication (ProyectoU3WcApplication.java:run:86) - 
INNER JOIN EAGER/LAZY
 INFO 2022-08-05 19:34:28,497 com.uce.edu.demo.ProyectoU3WcApplication (ProyectoU3WcApplication.java:run:90) - Hotel2: Domundi, direccion: Av. 6 de Diciembre
 INFO 2022-08-05 19:34:28,498 com.uce.edu.demo.ProyectoU3WcApplication (ProyectoU3WcApplication.java:run:91) - Hotel2 Habitacines: [Habitacion [id=1, numero=A36, piso=9, tipo=Individual, hotel=Hotel [id=1, nombre=Domundi, direccion=Av. 6 de Diciembre]], Habitacion [id=2, numero=WE2, piso=3, tipo=familiar, hotel=Hotel [id=1, nombre=Domundi, direccion=Av. 6 de Diciembre]]]
 INFO 2022-08-05 19:34:28,498 com.uce.edu.demo.ProyectoU3WcApplication (ProyectoU3WcApplication.java:run:90) - Hotel2: Hilton Colon, direccion: Av. Colon
 INFO 2022-08-05 19:34:28,498 com.uce.edu.demo.ProyectoU3WcApplication (ProyectoU3WcApplication.java:run:91) - Hotel2 Habitacines: [Habitacion [id=3, numero=23dc, piso=10, tipo=familiar, hotel=Hotel [id=2, nombre=Hilton Colon, direccion=Av. Colon]]]
 INFO 2022-08-05 19:39:36,240 com.uce.edu.demo.ProyectoU3WcApplication (ProyectoU3WcApplication.java:run:79) - 
JOIN WHERE
 INFO 2022-08-05 19:39:36,494 com.uce.edu.demo.ProyectoU3WcApplication (ProyectoU3WcApplication.java:run:83) - Hotel: Domundi, direccion: Av. 6 de Diciembre
 INFO 2022-08-05 19:39:36,494 com.uce.edu.demo.ProyectoU3WcApplication (ProyectoU3WcApplication.java:run:83) - Hotel: Hilton Colon, direccion: Av. Colon
 INFO 2022-08-05 19:39:36,494 com.uce.edu.demo.ProyectoU3WcApplication (ProyectoU3WcApplication.java:run:87) - 
INNER JOIN EAGER/LAZY
 INFO 2022-08-05 19:39:36,501 com.uce.edu.demo.ProyectoU3WcApplication (ProyectoU3WcApplication.java:run:91) - Hotel2: Domundi, direccion: Av. 6 de Diciembre
 INFO 2022-08-05 19:39:36,501 com.uce.edu.demo.ProyectoU3WcApplication (ProyectoU3WcApplication.java:run:93) - Habitacines: Habitacion [id=1, numero=A36, piso=9, tipo=Individual, hotel=Hotel [id=1, nombre=Domundi, direccion=Av. 6 de Diciembre]]
 INFO 2022-08-05 19:39:36,501 com.uce.edu.demo.ProyectoU3WcApplication (ProyectoU3WcApplication.java:run:93) - Habitacines: Habitacion [id=2, numero=WE2, piso=3, tipo=familiar, hotel=Hotel [id=1, nombre=Domundi, direccion=Av. 6 de Diciembre]]
 INFO 2022-08-05 19:39:36,501 com.uce.edu.demo.ProyectoU3WcApplication (ProyectoU3WcApplication.java:run:91) - Hotel2: Hilton Colon, direccion: Av. Colon
 INFO 2022-08-05 19:39:36,501 com.uce.edu.demo.ProyectoU3WcApplication (ProyectoU3WcApplication.java:run:93) - Habitacines: Habitacion [id=3, numero=23dc, piso=10, tipo=familiar, hotel=Hotel [id=2, nombre=Hilton Colon, direccion=Av. Colon]]
 INFO 2022-08-05 19:41:02,850 com.uce.edu.demo.ProyectoU3WcApplication (ProyectoU3WcApplication.java:run:79) - 
JOIN WHERE
 INFO 2022-08-05 19:41:03,087 com.uce.edu.demo.ProyectoU3WcApplication (ProyectoU3WcApplication.java:run:83) - Hotel: Domundi, direccion: Av. 6 de Diciembre
 INFO 2022-08-05 19:41:03,088 com.uce.edu.demo.ProyectoU3WcApplication (ProyectoU3WcApplication.java:run:83) - Hotel: Hilton Colon, direccion: Av. Colon
 INFO 2022-08-05 19:41:03,088 com.uce.edu.demo.ProyectoU3WcApplication (ProyectoU3WcApplication.java:run:87) - 
INNER JOIN EAGER/LAZY
 INFO 2022-08-05 19:41:03,102 com.uce.edu.demo.ProyectoU3WcApplication (ProyectoU3WcApplication.java:run:91) - Hotel2: Domundi, direccion: Av. 6 de Diciembre
 INFO 2022-08-05 19:41:03,102 com.uce.edu.demo.ProyectoU3WcApplication (ProyectoU3WcApplication.java:run:93) - Habitacines: Habitacion [id=1, numero=A36, piso=9, tipo=Individual, hotel=Hotel [id=1, nombre=Domundi, direccion=Av. 6 de Diciembre]]
 INFO 2022-08-05 19:41:03,103 com.uce.edu.demo.ProyectoU3WcApplication (ProyectoU3WcApplication.java:run:93) - Habitacines: Habitacion [id=2, numero=WE2, piso=3, tipo=familiar, hotel=Hotel [id=1, nombre=Domundi, direccion=Av. 6 de Diciembre]]
 INFO 2022-08-05 19:41:03,103 com.uce.edu.demo.ProyectoU3WcApplication (ProyectoU3WcApplication.java:run:91) - Hotel2: Hilton Colon, direccion: Av. Colon
 INFO 2022-08-05 19:41:03,103 com.uce.edu.demo.ProyectoU3WcApplication (ProyectoU3WcApplication.java:run:93) - Habitacines: Habitacion [id=3, numero=23dc, piso=10, tipo=familiar, hotel=Hotel [id=2, nombre=Hilton Colon, direccion=Av. Colon]]
 INFO 2022-08-05 19:50:59,301 com.uce.edu.demo.ProyectoU3WcApplication (ProyectoU3WcApplication.java:run:79) - 
JOIN WHERE
 INFO 2022-08-05 19:50:59,512 com.uce.edu.demo.ProyectoU3WcApplication (ProyectoU3WcApplication.java:run:83) - Hotel: Domundi, direccion: Av. 6 de Diciembre
 INFO 2022-08-05 19:50:59,512 com.uce.edu.demo.ProyectoU3WcApplication (ProyectoU3WcApplication.java:run:83) - Hotel: Hilton Colon, direccion: Av. Colon
 INFO 2022-08-05 19:50:59,512 com.uce.edu.demo.ProyectoU3WcApplication (ProyectoU3WcApplication.java:run:87) - 
INNER JOIN EAGER/LAZY
 INFO 2022-08-05 19:50:59,531 com.uce.edu.demo.ProyectoU3WcApplication (ProyectoU3WcApplication.java:run:91) - Hotel2: Domundi, direccion: Av. 6 de Diciembre
 INFO 2022-08-05 19:50:59,531 com.uce.edu.demo.ProyectoU3WcApplication (ProyectoU3WcApplication.java:run:93) - Habitacines: Habitacion [id=1, numero=A36, piso=9, tipo=Individual, hotel=Hotel [id=1, nombre=Domundi, direccion=Av. 6 de Diciembre]]
 INFO 2022-08-05 19:50:59,531 com.uce.edu.demo.ProyectoU3WcApplication (ProyectoU3WcApplication.java:run:93) - Habitacines: Habitacion [id=2, numero=WE2, piso=3, tipo=familiar, hotel=Hotel [id=1, nombre=Domundi, direccion=Av. 6 de Diciembre]]
 INFO 2022-08-05 19:50:59,531 com.uce.edu.demo.ProyectoU3WcApplication (ProyectoU3WcApplication.java:run:91) - Hotel2: Hilton Colon, direccion: Av. Colon
 INFO 2022-08-05 19:50:59,531 com.uce.edu.demo.ProyectoU3WcApplication (ProyectoU3WcApplication.java:run:93) - Habitacines: Habitacion [id=3, numero=23dc, piso=10, tipo=familiar, hotel=Hotel [id=2, nombre=Hilton Colon, direccion=Av. Colon]]
 INFO 2022-08-05 20:01:26,088 com.uce.edu.demo.ProyectoU3WcApplication (ProyectoU3WcApplication.java:run:79) - 
JOIN WHERE
 INFO 2022-08-05 20:01:26,313 com.uce.edu.demo.ProyectoU3WcApplication (ProyectoU3WcApplication.java:run:83) - Hotel: Domundi, direccion: Av. 6 de Diciembre
 INFO 2022-08-05 20:01:26,313 com.uce.edu.demo.ProyectoU3WcApplication (ProyectoU3WcApplication.java:run:83) - Hotel: Hilton Colon, direccion: Av. Colon
 INFO 2022-08-05 20:01:26,313 com.uce.edu.demo.ProyectoU3WcApplication (ProyectoU3WcApplication.java:run:87) - 
INNER JOIN EAGER/LAZY
 INFO 2022-08-05 20:01:26,331 com.uce.edu.demo.ProyectoU3WcApplication (ProyectoU3WcApplication.java:run:91) - Hotel2: Domundi, direccion: Av. 6 de Diciembre
 INFO 2022-08-05 20:01:26,331 com.uce.edu.demo.ProyectoU3WcApplication (ProyectoU3WcApplication.java:run:93) - Habitacines: Habitacion [id=1, numero=A36, piso=9, tipo=Individual, hotel=Hotel [id=1, nombre=Domundi, direccion=Av. 6 de Diciembre]]
 INFO 2022-08-05 20:01:26,331 com.uce.edu.demo.ProyectoU3WcApplication (ProyectoU3WcApplication.java:run:93) - Habitacines: Habitacion [id=2, numero=WE2, piso=3, tipo=familiar, hotel=Hotel [id=1, nombre=Domundi, direccion=Av. 6 de Diciembre]]
 INFO 2022-08-05 20:01:26,331 com.uce.edu.demo.ProyectoU3WcApplication (ProyectoU3WcApplication.java:run:91) - Hotel2: Hilton Colon, direccion: Av. Colon
 INFO 2022-08-05 20:01:26,331 com.uce.edu.demo.ProyectoU3WcApplication (ProyectoU3WcApplication.java:run:93) - Habitacines: Habitacion [id=3, numero=23dc, piso=10, tipo=familiar, hotel=Hotel [id=2, nombre=Hilton Colon, direccion=Av. Colon]]
 INFO 2022-08-05 20:01:26,332 com.uce.edu.demo.ProyectoU3WcApplication (ProyectoU3WcApplication.java:run:99) - 
JOIN FETCH
 INFO 2022-08-05 20:01:26,337 com.uce.edu.demo.ProyectoU3WcApplication (ProyectoU3WcApplication.java:run:103) - Hotel3: Domundi, direccion: Av. 6 de Diciembre
 INFO 2022-08-05 20:01:26,337 com.uce.edu.demo.ProyectoU3WcApplication (ProyectoU3WcApplication.java:run:105) - Habitacines: Habitacion [id=2, numero=WE2, piso=3, tipo=familiar, hotel=Hotel [id=1, nombre=Domundi, direccion=Av. 6 de Diciembre]]
 INFO 2022-08-05 20:01:26,338 com.uce.edu.demo.ProyectoU3WcApplication (ProyectoU3WcApplication.java:run:103) - Hotel3: Hilton Colon, direccion: Av. Colon
 INFO 2022-08-05 20:01:26,338 com.uce.edu.demo.ProyectoU3WcApplication (ProyectoU3WcApplication.java:run:105) - Habitacines: Habitacion [id=3, numero=23dc, piso=10, tipo=familiar, hotel=Hotel [id=2, nombre=Hilton Colon, direccion=Av. Colon]]
 INFO 2022-08-05 20:02:38,604 com.uce.edu.demo.ProyectoU3WcApplication (ProyectoU3WcApplication.java:run:79) - 
JOIN WHERE
 INFO 2022-08-05 20:02:38,832 com.uce.edu.demo.ProyectoU3WcApplication (ProyectoU3WcApplication.java:run:83) - Hotel: Domundi, direccion: Av. 6 de Diciembre
 INFO 2022-08-05 20:02:38,832 com.uce.edu.demo.ProyectoU3WcApplication (ProyectoU3WcApplication.java:run:83) - Hotel: Hilton Colon, direccion: Av. Colon
 INFO 2022-08-05 20:02:38,832 com.uce.edu.demo.ProyectoU3WcApplication (ProyectoU3WcApplication.java:run:87) - 
INNER JOIN EAGER/LAZY
 INFO 2022-08-05 20:02:38,862 com.uce.edu.demo.ProyectoU3WcApplication (ProyectoU3WcApplication.java:run:91) - Hotel2: Domundi, direccion: Av. 6 de Diciembre
 INFO 2022-08-05 20:02:38,862 com.uce.edu.demo.ProyectoU3WcApplication (ProyectoU3WcApplication.java:run:93) - Habitacines: Habitacion [id=1, numero=A36, piso=9, tipo=Individual, hotel=Hotel [id=1, nombre=Domundi, direccion=Av. 6 de Diciembre]]
 INFO 2022-08-05 20:02:38,862 com.uce.edu.demo.ProyectoU3WcApplication (ProyectoU3WcApplication.java:run:93) - Habitacines: Habitacion [id=2, numero=WE2, piso=3, tipo=familiar, hotel=Hotel [id=1, nombre=Domundi, direccion=Av. 6 de Diciembre]]
 INFO 2022-08-05 20:02:38,862 com.uce.edu.demo.ProyectoU3WcApplication (ProyectoU3WcApplication.java:run:91) - Hotel2: Hilton Colon, direccion: Av. Colon
 INFO 2022-08-05 20:02:38,862 com.uce.edu.demo.ProyectoU3WcApplication (ProyectoU3WcApplication.java:run:93) - Habitacines: Habitacion [id=3, numero=23dc, piso=10, tipo=familiar, hotel=Hotel [id=2, nombre=Hilton Colon, direccion=Av. Colon]]
 INFO 2022-08-05 20:02:38,862 com.uce.edu.demo.ProyectoU3WcApplication (ProyectoU3WcApplication.java:run:99) - 
JOIN FETCH
 INFO 2022-08-05 20:02:38,868 com.uce.edu.demo.ProyectoU3WcApplication (ProyectoU3WcApplication.java:run:103) - Hotel3: Domundi, direccion: Av. 6 de Diciembre
 INFO 2022-08-05 20:02:38,868 com.uce.edu.demo.ProyectoU3WcApplication (ProyectoU3WcApplication.java:run:105) - Habitacines: Habitacion [id=2, numero=WE2, piso=3, tipo=familiar, hotel=Hotel [id=1, nombre=Domundi, direccion=Av. 6 de Diciembre]]
 INFO 2022-08-05 20:02:38,869 com.uce.edu.demo.ProyectoU3WcApplication (ProyectoU3WcApplication.java:run:107) - 
 INFO 2022-08-05 20:02:38,869 com.uce.edu.demo.ProyectoU3WcApplication (ProyectoU3WcApplication.java:run:103) - Hotel3: Hilton Colon, direccion: Av. Colon
 INFO 2022-08-05 20:02:38,869 com.uce.edu.demo.ProyectoU3WcApplication (ProyectoU3WcApplication.java:run:105) - Habitacines: Habitacion [id=3, numero=23dc, piso=10, tipo=familiar, hotel=Hotel [id=2, nombre=Hilton Colon, direccion=Av. Colon]]
 INFO 2022-08-05 20:02:38,869 com.uce.edu.demo.ProyectoU3WcApplication (ProyectoU3WcApplication.java:run:107) - 
